# JRE version: Java(TM) SE Runtime Environment 18.9 (11.0.8+10) (build 11.0.8+10-LTS)
# Java VM: Java HotSpot(TM) 64-Bit Server VM 18.9 (11.0.8+10-LTS, mixed mode, tiered, compressed oops, g1 gc, windows-amd64)
Heap:
 garbage-first heap   total 262144K, used 101184K [0x0000000701c00000, 0x0000000800000000)
  region size 1024K, 88 young (90112K), 13 survivors (13312K)
 Metaspace       used 50998K, capacity 52537K, committed 52864K, reserved 1095680K
  class space    used 6288K, capacity 6930K, committed 7040K, reserved 1048576K
GC Heap History (10 events):
Event: 0.761 GC heap before
{Heap before GC invocations=0 (full 0):
 garbage-first heap   total 262144K, used 23552K [0x0000000701c00000, 0x0000000800000000)
  region size 1024K, 24 young (24576K), 0 survivors (0K)
 Metaspace       used 9370K, capacity 9608K, committed 9728K, reserved 1058816K
  class space    used 836K, capacity 908K, committed 1024K, reserved 1048576K
}
Event: 0.765 GC heap after
{Heap after GC invocations=1 (full 0):
 garbage-first heap   total 262144K, used 7903K [0x0000000701c00000, 0x0000000800000000)
  region size 1024K, 3 young (3072K), 3 survivors (3072K)
 Metaspace       used 9370K, capacity 9608K, committed 9728K, reserved 1058816K
  class space    used 836K, capacity 908K, committed 1024K, reserved 1048576K
}
Event: 2.694 GC heap before
{Heap before GC invocations=1 (full 0):
 garbage-first heap   total 262144K, used 75487K [0x0000000701c00000, 0x0000000800000000)
  region size 1024K, 70 young (71680K), 3 survivors (3072K)
 Metaspace       used 20521K, capacity 21150K, committed 21248K, reserved 1069056K
  class space    used 2249K, capacity 2496K, committed 2560K, reserved 1048576K
}
Event: 2.702 GC heap after
{Heap after GC invocations=2 (full 0):
 garbage-first heap   total 262144K, used 13100K [0x0000000701c00000, 0x0000000800000000)
  region size 1024K, 9 young (9216K), 9 survivors (9216K)
 Metaspace       used 20521K, capacity 21150K, committed 21248K, reserved 1069056K
  class space    used 2249K, capacity 2496K, committed 2560K, reserved 1048576K
}
Event: 3.974 GC heap before
{Heap before GC invocations=3 (full 0):
 garbage-first heap   total 262144K, used 79660K [0x0000000701c00000, 0x0000000800000000)
  region size 1024K, 75 young (76800K), 9 survivors (9216K)
 Metaspace       used 31065K, capacity 31983K, committed 32128K, reserved 1077248K
  class space    used 3569K, capacity 3924K, committed 3968K, reserved 1048576K
}
Event: 3.982 GC heap after
{Heap after GC invocations=4 (full 0):
 garbage-first heap   total 262144K, used 16389K [0x0000000701c00000, 0x0000000800000000)
  region size 1024K, 4 young (4096K), 4 survivors (4096K)
 Metaspace       used 31065K, capacity 31983K, committed 32128K, reserved 1077248K
  class space    used 3569K, capacity 3924K, committed 3968K, reserved 1048576K
}
Event: 6.294 GC heap before
{Heap before GC invocations=4 (full 0):
 garbage-first heap   total 262144K, used 87045K [0x0000000701c00000, 0x0000000800000000)
  region size 1024K, 74 young (75776K), 4 survivors (4096K)
 Metaspace       used 34847K, capacity 35775K, committed 35840K, reserved 1081344K
  class space    used 4041K, capacity 4439K, committed 4480K, reserved 1048576K
}
Event: 6.302 GC heap after
{Heap after GC invocations=5 (full 0):
 garbage-first heap   total 262144K, used 20063K [0x0000000701c00000, 0x0000000800000000)
  region size 1024K, 7 young (7168K), 7 survivors (7168K)
 Metaspace       used 34847K, capacity 35775K, committed 35840K, reserved 1081344K
  class space    used 4041K, capacity 4439K, committed 4480K, reserved 1048576K
}
Event: 9.004 GC heap before
{Heap before GC invocations=6 (full 0):
 garbage-first heap   total 262144K, used 169567K [0x0000000701c00000, 0x0000000800000000)
  region size 1024K, 153 young (156672K), 7 survivors (7168K)
 Metaspace       used 43295K, capacity 44657K, committed 44800K, reserved 1087488K
  class space    used 5226K, capacity 5768K, committed 5888K, reserved 1048576K
}
Event: 9.018 GC heap after
{Heap after GC invocations=7 (full 0):
 garbage-first heap   total 262144K, used 25408K [0x0000000701c00000, 0x0000000800000000)
  region size 1024K, 13 young (13312K), 13 survivors (13312K)
 Metaspace       used 43295K, capacity 44657K, committed 44800K, reserved 1087488K
  class space    used 5226K, capacity 5768K, committed 5888K, reserved 1048576K
}

