# JRE version: Java(TM) SE Runtime Environment 18.9 (11.0.8+10) (build 11.0.8+10-LTS)
# Java VM: Java HotSpot(TM) 64-Bit Server VM 18.9 (11.0.8+10-LTS, mixed mode, tiered, compressed oops, g1 gc, windows-amd64)
Heap:
 garbage-first heap   total 315392K, used 135402K [0x0000000701c00000, 0x0000000800000000)
  region size 1024K, 70 young (71680K), 15 survivors (15360K)
 Metaspace       used 37423K, capacity 38362K, committed 38448K, reserved 1083392K
  class space    used 3824K, capacity 4198K, committed 4224K, reserved 1048576K
GC Heap History (10 events):
Event: 5.205 GC heap before
{Heap before GC invocations=4 (full 0):
 garbage-first heap   total 262144K, used 159813K [0x0000000701c00000, 0x0000000800000000)
  region size 1024K, 153 young (156672K), 9 survivors (9216K)
 Metaspace       used 22829K, capacity 23285K, committed 23472K, reserved 1071104K
  class space    used 2302K, capacity 2437K, committed 2560K, reserved 1048576K
}
Event: 5.218 GC heap after
{Heap after GC invocations=5 (full 0):
 garbage-first heap   total 262144K, used 21219K [0x0000000701c00000, 0x0000000800000000)
  region size 1024K, 18 young (18432K), 18 survivors (18432K)
 Metaspace       used 22829K, capacity 23285K, committed 23472K, reserved 1071104K
  class space    used 2302K, capacity 2437K, committed 2560K, reserved 1048576K
}
Event: 8.640 GC heap before
{Heap before GC invocations=5 (full 0):
 garbage-first heap   total 262144K, used 158435K [0x0000000701c00000, 0x0000000800000000)
  region size 1024K, 153 young (156672K), 18 survivors (18432K)
 Metaspace       used 32495K, capacity 33157K, committed 33328K, reserved 1079296K
  class space    used 3396K, capacity 3650K, committed 3712K, reserved 1048576K
}
Event: 8.660 GC heap after
{Heap after GC invocations=6 (full 0):
 garbage-first heap   total 262144K, used 40282K [0x0000000701c00000, 0x0000000800000000)
  region size 1024K, 20 young (20480K), 20 survivors (20480K)
 Metaspace       used 32495K, capacity 33157K, committed 33328K, reserved 1079296K
  class space    used 3396K, capacity 3650K, committed 3712K, reserved 1048576K
}
Event: 8.793 GC heap before
{Heap before GC invocations=6 (full 0):
 garbage-first heap   total 262144K, used 54618K [0x0000000701c00000, 0x0000000800000000)
  region size 1024K, 34 young (34816K), 20 survivors (20480K)
 Metaspace       used 32952K, capacity 33635K, committed 33840K, reserved 1079296K
  class space    used 3436K, capacity 3701K, committed 3712K, reserved 1048576K
}
Event: 8.808 GC heap after
{Heap after GC invocations=7 (full 0):
 garbage-first heap   total 315392K, used 44901K [0x0000000701c00000, 0x0000000800000000)
  region size 1024K, 4 young (4096K), 4 survivors (4096K)
 Metaspace       used 32952K, capacity 33635K, committed 33840K, reserved 1079296K
  class space    used 3436K, capacity 3701K, committed 3712K, reserved 1048576K
}
Event: 9.428 GC heap before
{Heap before GC invocations=7 (full 0):
 garbage-first heap   total 315392K, used 75621K [0x0000000701c00000, 0x0000000800000000)
  region size 1024K, 34 young (34816K), 4 survivors (4096K)
 Metaspace       used 35109K, capacity 35847K, committed 35888K, reserved 1081344K
  class space    used 3643K, capacity 3944K, committed 3968K, reserved 1048576K
}
Event: 9.436 GC heap after
{Heap after GC invocations=8 (full 0):
 garbage-first heap   total 315392K, used 48985K [0x0000000701c00000, 0x0000000800000000)
  region size 1024K, 7 young (7168K), 7 survivors (7168K)
 Metaspace       used 35109K, capacity 35847K, committed 35888K, reserved 1081344K
  class space    used 3643K, capacity 3944K, committed 3968K, reserved 1048576K
}
Event: 11.113 GC heap before
{Heap before GC invocations=9 (full 0):
 garbage-first heap   total 315392K, used 159577K [0x0000000701c00000, 0x0000000800000000)
  region size 1024K, 116 young (118784K), 7 survivors (7168K)
 Metaspace       used 35394K, capacity 36293K, committed 36528K, reserved 1081344K
  class space    used 3657K, capacity 3984K, committed 4096K, reserved 1048576K
}
Event: 11.130 GC heap after
{Heap after GC invocations=10 (full 0):
 garbage-first heap   total 315392K, used 80106K [0x0000000701c00000, 0x0000000800000000)
  region size 1024K, 15 young (15360K), 15 survivors (15360K)
 Metaspace       used 35394K, capacity 36293K, committed 36528K, reserved 1081344K
  class space    used 3657K, capacity 3984K, committed 4096K, reserved 1048576K
}

