# JRE version: Java(TM) SE Runtime Environment 18.9 (11.0.8+10) (build 11.0.8+10-LTS)
# Java VM: Java HotSpot(TM) 64-Bit Server VM 18.9 (11.0.8+10-LTS, mixed mode, tiered, compressed oops, g1 gc, windows-amd64)
Heap:
 garbage-first heap   total 262144K, used 113987K [0x0000000701c00000, 0x0000000800000000)
  region size 1024K, 100 young (102400K), 12 survivors (12288K)
 Metaspace       used 51027K, capacity 52600K, committed 52864K, reserved 1095680K
  class space    used 6293K, capacity 6930K, committed 7040K, reserved 1048576K
GC Heap History (10 events):
Event: 0.440 GC heap before
{Heap before GC invocations=0 (full 0):
 garbage-first heap   total 262144K, used 23552K [0x0000000701c00000, 0x0000000800000000)
  region size 1024K, 24 young (24576K), 0 survivors (0K)
 Metaspace       used 9317K, capacity 9544K, committed 9728K, reserved 1058816K
  class space    used 836K, capacity 908K, committed 1024K, reserved 1048576K
}
Event: 0.444 GC heap after
{Heap after GC invocations=1 (full 0):
 garbage-first heap   total 262144K, used 7642K [0x0000000701c00000, 0x0000000800000000)
  region size 1024K, 3 young (3072K), 3 survivors (3072K)
 Metaspace       used 9317K, capacity 9544K, committed 9728K, reserved 1058816K
  class space    used 836K, capacity 908K, committed 1024K, reserved 1048576K
}
Event: 2.215 GC heap before
{Heap before GC invocations=1 (full 0):
 garbage-first heap   total 262144K, used 78298K [0x0000000701c00000, 0x0000000800000000)
  region size 1024K, 73 young (74752K), 3 survivors (3072K)
 Metaspace       used 20524K, capacity 21150K, committed 21248K, reserved 1069056K
  class space    used 2249K, capacity 2496K, committed 2560K, reserved 1048576K
}
Event: 2.224 GC heap after
{Heap after GC invocations=2 (full 0):
 garbage-first heap   total 262144K, used 12971K [0x0000000701c00000, 0x0000000800000000)
  region size 1024K, 9 young (9216K), 9 survivors (9216K)
 Metaspace       used 20524K, capacity 21150K, committed 21248K, reserved 1069056K
  class space    used 2249K, capacity 2496K, committed 2560K, reserved 1048576K
}
Event: 3.172 GC heap before
{Heap before GC invocations=3 (full 0):
 garbage-first heap   total 262144K, used 79531K [0x0000000701c00000, 0x0000000800000000)
  region size 1024K, 75 young (76800K), 9 survivors (9216K)
 Metaspace       used 30721K, capacity 31593K, committed 31872K, reserved 1077248K
  class space    used 3531K, capacity 3881K, committed 3968K, reserved 1048576K
}
Event: 3.180 GC heap after
{Heap after GC invocations=4 (full 0):
 garbage-first heap   total 262144K, used 16086K [0x0000000701c00000, 0x0000000800000000)
  region size 1024K, 4 young (4096K), 4 survivors (4096K)
 Metaspace       used 30721K, capacity 31593K, committed 31872K, reserved 1077248K
  class space    used 3531K, capacity 3881K, committed 3968K, reserved 1048576K
}
Event: 4.536 GC heap before
{Heap before GC invocations=4 (full 0):
 garbage-first heap   total 262144K, used 90838K [0x0000000701c00000, 0x0000000800000000)
  region size 1024K, 78 young (79872K), 4 survivors (4096K)
 Metaspace       used 34842K, capacity 35769K, committed 35840K, reserved 1081344K
  class space    used 4047K, capacity 4439K, committed 4480K, reserved 1048576K
}
Event: 4.544 GC heap after
{Heap after GC invocations=5 (full 0):
 garbage-first heap   total 262144K, used 19517K [0x0000000701c00000, 0x0000000800000000)
  region size 1024K, 7 young (7168K), 7 survivors (7168K)
 Metaspace       used 34842K, capacity 35769K, committed 35840K, reserved 1081344K
  class space    used 4047K, capacity 4439K, committed 4480K, reserved 1048576K
}
Event: 7.178 GC heap before
{Heap before GC invocations=6 (full 0):
 garbage-first heap   total 262144K, used 165949K [0x0000000701c00000, 0x0000000800000000)
  region size 1024K, 150 young (153600K), 7 survivors (7168K)
 Metaspace       used 42599K, capacity 43905K, committed 44160K, reserved 1087488K
  class space    used 5121K, capacity 5668K, committed 5760K, reserved 1048576K
}
Event: 7.189 GC heap after
{Heap after GC invocations=7 (full 0):
 garbage-first heap   total 262144K, used 24899K [0x0000000701c00000, 0x0000000800000000)
  region size 1024K, 12 young (12288K), 12 survivors (12288K)
 Metaspace       used 42599K, capacity 43905K, committed 44160K, reserved 1087488K
  class space    used 5121K, capacity 5668K, committed 5760K, reserved 1048576K
}

