# JRE version: Java(TM) SE Runtime Environment 18.9 (11.0.8+10) (build 11.0.8+10-LTS)
# Java VM: Java HotSpot(TM) 64-Bit Server VM 18.9 (11.0.8+10-LTS, mixed mode, tiered, compressed oops, g1 gc, windows-amd64)
Heap:
 garbage-first heap   total 315392K, used 36429K [0x0000000701c00000, 0x0000000800000000)
  region size 1024K, 24 young (24576K), 12 survivors (12288K)
 Metaspace       used 43571K, capacity 44871K, committed 45056K, reserved 1089536K
  class space    used 5240K, capacity 5776K, committed 5888K, reserved 1048576K
GC Heap History (10 events):
Event: 0.392 GC heap before
{Heap before GC invocations=0 (full 0):
 garbage-first heap   total 262144K, used 23552K [0x0000000701c00000, 0x0000000800000000)
  region size 1024K, 24 young (24576K), 0 survivors (0K)
 Metaspace       used 9301K, capacity 9543K, committed 9728K, reserved 1058816K
  class space    used 834K, capacity 908K, committed 1024K, reserved 1048576K
}
Event: 0.396 GC heap after
{Heap after GC invocations=1 (full 0):
 garbage-first heap   total 262144K, used 7743K [0x0000000701c00000, 0x0000000800000000)
  region size 1024K, 3 young (3072K), 3 survivors (3072K)
 Metaspace       used 9301K, capacity 9543K, committed 9728K, reserved 1058816K
  class space    used 834K, capacity 908K, committed 1024K, reserved 1048576K
}
Event: 1.784 GC heap before
{Heap before GC invocations=1 (full 0):
 garbage-first heap   total 262144K, used 74303K [0x0000000701c00000, 0x0000000800000000)
  region size 1024K, 69 young (70656K), 3 survivors (3072K)
 Metaspace       used 20525K, capacity 21156K, committed 21248K, reserved 1069056K
  class space    used 2241K, capacity 2497K, committed 2560K, reserved 1048576K
}
Event: 1.792 GC heap after
{Heap after GC invocations=2 (full 0):
 garbage-first heap   total 262144K, used 13242K [0x0000000701c00000, 0x0000000800000000)
  region size 1024K, 9 young (9216K), 9 survivors (9216K)
 Metaspace       used 20525K, capacity 21156K, committed 21248K, reserved 1069056K
  class space    used 2241K, capacity 2497K, committed 2560K, reserved 1048576K
}
Event: 2.486 GC heap before
{Heap before GC invocations=3 (full 0):
 garbage-first heap   total 262144K, used 74682K [0x0000000701c00000, 0x0000000800000000)
  region size 1024K, 70 young (71680K), 9 survivors (9216K)
 Metaspace       used 30822K, capacity 31714K, committed 31872K, reserved 1077248K
  class space    used 3537K, capacity 3919K, committed 3968K, reserved 1048576K
}
Event: 2.494 GC heap after
{Heap after GC invocations=4 (full 0):
 garbage-first heap   total 262144K, used 16077K [0x0000000701c00000, 0x0000000800000000)
  region size 1024K, 4 young (4096K), 4 survivors (4096K)
 Metaspace       used 30822K, capacity 31714K, committed 31872K, reserved 1077248K
  class space    used 3537K, capacity 3919K, committed 3968K, reserved 1048576K
}
Event: 3.741 GC heap before
{Heap before GC invocations=4 (full 0):
 garbage-first heap   total 262144K, used 89805K [0x0000000701c00000, 0x0000000800000000)
  region size 1024K, 77 young (78848K), 4 survivors (4096K)
 Metaspace       used 34822K, capacity 35779K, committed 35840K, reserved 1081344K
  class space    used 4029K, capacity 4440K, committed 4480K, reserved 1048576K
}
Event: 3.749 GC heap after
{Heap after GC invocations=5 (full 0):
 garbage-first heap   total 262144K, used 20045K [0x0000000701c00000, 0x0000000800000000)
  region size 1024K, 7 young (7168K), 7 survivors (7168K)
 Metaspace       used 34822K, capacity 35779K, committed 35840K, reserved 1081344K
  class space    used 4029K, capacity 4440K, committed 4480K, reserved 1048576K
}
Event: 6.080 GC heap before
{Heap before GC invocations=6 (full 0):
 garbage-first heap   total 262144K, used 169549K [0x0000000701c00000, 0x0000000800000000)
  region size 1024K, 153 young (156672K), 7 survivors (7168K)
 Metaspace       used 42963K, capacity 44232K, committed 44416K, reserved 1087488K
  class space    used 5155K, capacity 5670K, committed 5760K, reserved 1048576K
}
Event: 6.092 GC heap after
{Heap after GC invocations=7 (full 0):
 garbage-first heap   total 315392K, used 25165K [0x0000000701c00000, 0x0000000800000000)
  region size 1024K, 12 young (12288K), 12 survivors (12288K)
 Metaspace       used 42963K, capacity 44232K, committed 44416K, reserved 1087488K
  class space    used 5155K, capacity 5670K, committed 5760K, reserved 1048576K
}

