# JRE version: Java(TM) SE Runtime Environment 18.9 (11.0.8+10) (build 11.0.8+10-LTS)
# Java VM: Java HotSpot(TM) 64-Bit Server VM 18.9 (11.0.8+10-LTS, mixed mode, tiered, compressed oops, g1 gc, windows-amd64)
Heap:
 garbage-first heap   total 262144K, used 74394K [0x0000000701c00000, 0x0000000800000000)
  region size 1024K, 53 young (54272K), 20 survivors (20480K)
 Metaspace       used 33802K, capacity 34532K, committed 34736K, reserved 1081344K
  class space    used 3500K, capacity 3780K, committed 3840K, reserved 1048576K
GC Heap History (10 events):
Event: 1.102 GC heap before
{Heap before GC invocations=0 (full 0):
 garbage-first heap   total 262144K, used 23552K [0x0000000701c00000, 0x0000000800000000)
  region size 1024K, 24 young (24576K), 0 survivors (0K)
 Metaspace       used 13508K, capacity 13791K, committed 14080K, reserved 1062912K
  class space    used 1366K, capacity 1428K, committed 1536K, reserved 1048576K
}
Event: 1.108 GC heap after
{Heap after GC invocations=1 (full 0):
 garbage-first heap   total 262144K, used 3691K [0x0000000701c00000, 0x0000000800000000)
  region size 1024K, 3 young (3072K), 3 survivors (3072K)
 Metaspace       used 13508K, capacity 13791K, committed 14080K, reserved 1062912K
  class space    used 1366K, capacity 1428K, committed 1536K, reserved 1048576K
}
Event: 2.076 GC heap before
{Heap before GC invocations=1 (full 0):
 garbage-first heap   total 262144K, used 53867K [0x0000000701c00000, 0x0000000800000000)
  region size 1024K, 53 young (54272K), 3 survivors (3072K)
 Metaspace       used 20748K, capacity 21112K, committed 21296K, reserved 1069056K
  class space    used 2236K, capacity 2357K, committed 2432K, reserved 1048576K
}
Event: 2.084 GC heap after
{Heap after GC invocations=2 (full 0):
 garbage-first heap   total 262144K, used 7016K [0x0000000701c00000, 0x0000000800000000)
  region size 1024K, 7 young (7168K), 7 survivors (7168K)
 Metaspace       used 20748K, capacity 21112K, committed 21296K, reserved 1069056K
  class space    used 2236K, capacity 2357K, committed 2432K, reserved 1048576K
}
Event: 3.193 GC heap before
{Heap before GC invocations=3 (full 0):
 garbage-first heap   total 262144K, used 66408K [0x0000000701c00000, 0x0000000800000000)
  region size 1024K, 65 young (66560K), 7 survivors (7168K)
 Metaspace       used 21925K, capacity 22357K, committed 22576K, reserved 1069056K
  class space    used 2283K, capacity 2427K, committed 2432K, reserved 1048576K
}
Event: 3.203 GC heap after
{Heap after GC invocations=4 (full 0):
 garbage-first heap   total 262144K, used 12079K [0x0000000701c00000, 0x0000000800000000)
  region size 1024K, 9 young (9216K), 9 survivors (9216K)
 Metaspace       used 21925K, capacity 22357K, committed 22576K, reserved 1069056K
  class space    used 2283K, capacity 2427K, committed 2432K, reserved 1048576K
}
Event: 6.885 GC heap before
{Heap before GC invocations=4 (full 0):
 garbage-first heap   total 262144K, used 159535K [0x0000000701c00000, 0x0000000800000000)
  region size 1024K, 153 young (156672K), 9 survivors (9216K)
 Metaspace       used 22866K, capacity 23285K, committed 23472K, reserved 1071104K
  class space    used 2302K, capacity 2437K, committed 2560K, reserved 1048576K
}
Event: 6.899 GC heap after
{Heap after GC invocations=5 (full 0):
 garbage-first heap   total 262144K, used 21227K [0x0000000701c00000, 0x0000000800000000)
  region size 1024K, 18 young (18432K), 18 survivors (18432K)
 Metaspace       used 22866K, capacity 23285K, committed 23472K, reserved 1071104K
  class space    used 2302K, capacity 2437K, committed 2560K, reserved 1048576K
}
Event: 9.841 GC heap before
{Heap before GC invocations=5 (full 0):
 garbage-first heap   total 262144K, used 158443K [0x0000000701c00000, 0x0000000800000000)
  region size 1024K, 153 young (156672K), 18 survivors (18432K)
 Metaspace       used 32538K, capacity 33256K, committed 33328K, reserved 1079296K
  class space    used 3400K, capacity 3683K, committed 3712K, reserved 1048576K
}
Event: 9.860 GC heap after
{Heap after GC invocations=6 (full 0):
 garbage-first heap   total 262144K, used 40602K [0x0000000701c00000, 0x0000000800000000)
  region size 1024K, 20 young (20480K), 20 survivors (20480K)
 Metaspace       used 32538K, capacity 33256K, committed 33328K, reserved 1079296K
  class space    used 3400K, capacity 3683K, committed 3712K, reserved 1048576K
}

