# JRE version: Java(TM) SE Runtime Environment 18.9 (11.0.8+10) (build 11.0.8+10-LTS)
# Java VM: Java HotSpot(TM) 64-Bit Server VM 18.9 (11.0.8+10-LTS, mixed mode, tiered, compressed oops, g1 gc, windows-amd64)
Heap:
 garbage-first heap   total 315392K, used 98659K [0x0000000701c00000, 0x0000000800000000)
  region size 1024K, 82 young (83968K), 17 survivors (17408K)
 Metaspace       used 54148K, capacity 55899K, committed 56064K, reserved 1097728K
  class space    used 6708K, capacity 7402K, committed 7424K, reserved 1048576K
GC Heap History (10 events):
Event: 1.756 GC heap before
{Heap before GC invocations=1 (full 0):
 garbage-first heap   total 262144K, used 73849K [0x0000000701c00000, 0x0000000800000000)
  region size 1024K, 68 young (69632K), 3 survivors (3072K)
 Metaspace       used 20532K, capacity 21157K, committed 21248K, reserved 1069056K
  class space    used 2242K, capacity 2497K, committed 2560K, reserved 1048576K
}
Event: 1.763 GC heap after
{Heap after GC invocations=2 (full 0):
 garbage-first heap   total 262144K, used 13228K [0x0000000701c00000, 0x0000000800000000)
  region size 1024K, 8 young (8192K), 8 survivors (8192K)
 Metaspace       used 20532K, capacity 21157K, committed 21248K, reserved 1069056K
  class space    used 2242K, capacity 2497K, committed 2560K, reserved 1048576K
}
Event: 2.383 GC heap before
{Heap before GC invocations=3 (full 0):
 garbage-first heap   total 262144K, used 76716K [0x0000000701c00000, 0x0000000800000000)
  region size 1024K, 71 young (72704K), 8 survivors (8192K)
 Metaspace       used 31063K, capacity 31926K, committed 32128K, reserved 1077248K
  class space    used 3572K, capacity 3925K, committed 3968K, reserved 1048576K
}
Event: 2.391 GC heap after
{Heap after GC invocations=4 (full 0):
 garbage-first heap   total 262144K, used 16229K [0x0000000701c00000, 0x0000000800000000)
  region size 1024K, 4 young (4096K), 4 survivors (4096K)
 Metaspace       used 31063K, capacity 31926K, committed 32128K, reserved 1077248K
  class space    used 3572K, capacity 3925K, committed 3968K, reserved 1048576K
}
Event: 3.491 GC heap before
{Heap before GC invocations=4 (full 0):
 garbage-first heap   total 262144K, used 88933K [0x0000000701c00000, 0x0000000800000000)
  region size 1024K, 76 young (77824K), 4 survivors (4096K)
 Metaspace       used 34806K, capacity 35780K, committed 35840K, reserved 1081344K
  class space    used 4038K, capacity 4440K, committed 4480K, reserved 1048576K
}
Event: 3.498 GC heap after
{Heap after GC invocations=5 (full 0):
 garbage-first heap   total 262144K, used 19796K [0x0000000701c00000, 0x0000000800000000)
  region size 1024K, 7 young (7168K), 7 survivors (7168K)
 Metaspace       used 34806K, capacity 35780K, committed 35840K, reserved 1081344K
  class space    used 4038K, capacity 4440K, committed 4480K, reserved 1048576K
}
Event: 5.359 GC heap before
{Heap before GC invocations=6 (full 0):
 garbage-first heap   total 262144K, used 165204K [0x0000000701c00000, 0x0000000800000000)
  region size 1024K, 149 young (152576K), 7 survivors (7168K)
 Metaspace       used 42648K, capacity 43972K, committed 44160K, reserved 1087488K
  class space    used 5125K, capacity 5668K, committed 5760K, reserved 1048576K
}
Event: 5.371 GC heap after
{Heap after GC invocations=7 (full 0):
 garbage-first heap   total 262144K, used 25062K [0x0000000701c00000, 0x0000000800000000)
  region size 1024K, 12 young (12288K), 12 survivors (12288K)
 Metaspace       used 42648K, capacity 43972K, committed 44160K, reserved 1087488K
  class space    used 5125K, capacity 5668K, committed 5760K, reserved 1048576K
}
Event: 7.339 GC heap before
{Heap before GC invocations=7 (full 0):
 garbage-first heap   total 262144K, used 169446K [0x0000000701c00000, 0x0000000800000000)
  region size 1024K, 153 young (156672K), 12 survivors (12288K)
 Metaspace       used 52474K, capacity 54184K, committed 54400K, reserved 1095680K
  class space    used 6479K, capacity 7177K, committed 7296K, reserved 1048576K
}
Event: 7.358 GC heap after
{Heap after GC invocations=8 (full 0):
 garbage-first heap   total 315392K, used 33123K [0x0000000701c00000, 0x0000000800000000)
  region size 1024K, 17 young (17408K), 17 survivors (17408K)
 Metaspace       used 52474K, capacity 54184K, committed 54400K, reserved 1095680K
  class space    used 6479K, capacity 7177K, committed 7296K, reserved 1048576K
}

