# JRE version: Java(TM) SE Runtime Environment 18.9 (11.0.8+10) (build 11.0.8+10-LTS)
# Java VM: Java HotSpot(TM) 64-Bit Server VM 18.9 (11.0.8+10-LTS, mixed mode, tiered, compressed oops, g1 gc, windows-amd64)
Heap:
 garbage-first heap   total 262144K, used 15172K [0x0000000701c00000, 0x0000000800000000)
  region size 1024K, 13 young (13312K), 9 survivors (9216K)
 Metaspace       used 22066K, capacity 22485K, committed 22576K, reserved 1069056K
  class space    used 2291K, capacity 2427K, committed 2432K, reserved 1048576K
GC Heap History (6 events):
Event: 0.927 GC heap before
{Heap before GC invocations=0 (full 0):
 garbage-first heap   total 262144K, used 23552K [0x0000000701c00000, 0x0000000800000000)
  region size 1024K, 24 young (24576K), 0 survivors (0K)
 Metaspace       used 13498K, capacity 13727K, committed 14080K, reserved 1062912K
  class space    used 1365K, capacity 1428K, committed 1536K, reserved 1048576K
}
Event: 0.931 GC heap after
{Heap after GC invocations=1 (full 0):
 garbage-first heap   total 262144K, used 3668K [0x0000000701c00000, 0x0000000800000000)
  region size 1024K, 3 young (3072K), 3 survivors (3072K)
 Metaspace       used 13498K, capacity 13727K, committed 14080K, reserved 1062912K
  class space    used 1365K, capacity 1428K, committed 1536K, reserved 1048576K
}
Event: 1.903 GC heap before
{Heap before GC invocations=1 (full 0):
 garbage-first heap   total 262144K, used 53844K [0x0000000701c00000, 0x0000000800000000)
  region size 1024K, 53 young (54272K), 3 survivors (3072K)
 Metaspace       used 20789K, capacity 21112K, committed 21296K, reserved 1069056K
  class space    used 2240K, capacity 2357K, committed 2432K, reserved 1048576K
}
Event: 1.910 GC heap after
{Heap after GC invocations=2 (full 0):
 garbage-first heap   total 262144K, used 6868K [0x0000000701c00000, 0x0000000800000000)
  region size 1024K, 7 young (7168K), 7 survivors (7168K)
 Metaspace       used 20789K, capacity 21112K, committed 21296K, reserved 1069056K
  class space    used 2240K, capacity 2357K, committed 2432K, reserved 1048576K
}
Event: 2.954 GC heap before
{Heap before GC invocations=3 (full 0):
 garbage-first heap   total 262144K, used 67284K [0x0000000701c00000, 0x0000000800000000)
  region size 1024K, 66 young (67584K), 7 survivors (7168K)
 Metaspace       used 22034K, capacity 22485K, committed 22576K, reserved 1069056K
  class space    used 2291K, capacity 2427K, committed 2432K, reserved 1048576K
}
Event: 2.964 GC heap after
{Heap after GC invocations=4 (full 0):
 garbage-first heap   total 262144K, used 12100K [0x0000000701c00000, 0x0000000800000000)
  region size 1024K, 9 young (9216K), 9 survivors (9216K)
 Metaspace       used 22034K, capacity 22485K, committed 22576K, reserved 1069056K
  class space    used 2291K, capacity 2427K, committed 2432K, reserved 1048576K
}

