# JRE version: Java(TM) SE Runtime Environment 18.9 (11.0.8+10) (build 11.0.8+10-LTS)
# Java VM: Java HotSpot(TM) 64-Bit Server VM 18.9 (11.0.8+10-LTS, mixed mode, tiered, compressed oops, g1 gc, windows-amd64)
Heap:
 garbage-first heap   total 315392K, used 163840K [0x0000000701c00000, 0x0000000800000000)
  region size 1024K, 96 young (98304K), 16 survivors (16384K)
 Metaspace       used 37938K, capacity 38858K, committed 38960K, reserved 1083392K
  class space    used 3842K, capacity 4188K, committed 4224K, reserved 1048576K
GC Heap History (10 events):
Event: 2.428 GC heap before
{Heap before GC invocations=3 (full 0):
 garbage-first heap   total 262144K, used 67362K [0x0000000701c00000, 0x0000000800000000)
  region size 1024K, 66 young (67584K), 7 survivors (7168K)
 Metaspace       used 22032K, capacity 22485K, committed 22576K, reserved 1069056K
  class space    used 2291K, capacity 2427K, committed 2432K, reserved 1048576K
}
Event: 2.436 GC heap after
{Heap after GC invocations=4 (full 0):
 garbage-first heap   total 262144K, used 12303K [0x0000000701c00000, 0x0000000800000000)
  region size 1024K, 9 young (9216K), 9 survivors (9216K)
 Metaspace       used 22032K, capacity 22485K, committed 22576K, reserved 1069056K
  class space    used 2291K, capacity 2427K, committed 2432K, reserved 1048576K
}
Event: 4.363 GC heap before
{Heap before GC invocations=4 (full 0):
 garbage-first heap   total 262144K, used 159759K [0x0000000701c00000, 0x0000000800000000)
  region size 1024K, 153 young (156672K), 9 survivors (9216K)
 Metaspace       used 22911K, capacity 23349K, committed 23728K, reserved 1071104K
  class space    used 2302K, capacity 2437K, committed 2560K, reserved 1048576K
}
Event: 4.375 GC heap after
{Heap after GC invocations=5 (full 0):
 garbage-first heap   total 262144K, used 21059K [0x0000000701c00000, 0x0000000800000000)
  region size 1024K, 17 young (17408K), 17 survivors (17408K)
 Metaspace       used 22911K, capacity 23349K, committed 23728K, reserved 1071104K
  class space    used 2302K, capacity 2437K, committed 2560K, reserved 1048576K
}
Event: 7.108 GC heap before
{Heap before GC invocations=5 (full 0):
 garbage-first heap   total 262144K, used 159299K [0x0000000701c00000, 0x0000000800000000)
  region size 1024K, 153 young (156672K), 17 survivors (17408K)
 Metaspace       used 32622K, capacity 33326K, committed 33584K, reserved 1079296K
  class space    used 3402K, capacity 3685K, committed 3712K, reserved 1048576K
}
Event: 7.126 GC heap after
{Heap after GC invocations=6 (full 0):
 garbage-first heap   total 262144K, used 40521K [0x0000000701c00000, 0x0000000800000000)
  region size 1024K, 20 young (20480K), 20 survivors (20480K)
 Metaspace       used 32622K, capacity 33326K, committed 33584K, reserved 1079296K
  class space    used 3402K, capacity 3685K, committed 3712K, reserved 1048576K
}
Event: 7.746 GC heap before
{Heap before GC invocations=6 (full 0):
 garbage-first heap   total 262144K, used 84553K [0x0000000701c00000, 0x0000000800000000)
  region size 1024K, 63 young (64512K), 20 survivors (20480K)
 Metaspace       used 35055K, capacity 35776K, committed 35888K, reserved 1081344K
  class space    used 3614K, capacity 3895K, committed 3968K, reserved 1048576K
}
Event: 7.763 GC heap after
{Heap after GC invocations=7 (full 0):
 garbage-first heap   total 315392K, used 50688K [0x0000000701c00000, 0x0000000800000000)
  region size 1024K, 8 young (8192K), 8 survivors (8192K)
 Metaspace       used 35055K, capacity 35776K, committed 35888K, reserved 1081344K
  class space    used 3614K, capacity 3895K, committed 3968K, reserved 1048576K
}
Event: 9.325 GC heap before
{Heap before GC invocations=8 (full 0):
 garbage-first heap   total 315392K, used 172544K [0x0000000701c00000, 0x0000000800000000)
  region size 1024K, 126 young (129024K), 8 survivors (8192K)
 Metaspace       used 35597K, capacity 36451K, committed 36784K, reserved 1081344K
  class space    used 3650K, capacity 3969K, committed 4096K, reserved 1048576K
}
Event: 9.346 GC heap after
{Heap after GC invocations=9 (full 0):
 garbage-first heap   total 315392K, used 82944K [0x0000000701c00000, 0x0000000800000000)
  region size 1024K, 16 young (16384K), 16 survivors (16384K)
 Metaspace       used 35597K, capacity 36451K, committed 36784K, reserved 1081344K
  class space    used 3650K, capacity 3969K, committed 4096K, reserved 1048576K
}

