# JRE version: Java(TM) SE Runtime Environment 18.9 (11.0.8+10) (build 11.0.8+10-LTS)
# Java VM: Java HotSpot(TM) 64-Bit Server VM 18.9 (11.0.8+10-LTS, mixed mode, tiered, compressed oops, g1 gc, windows-amd64)
Heap:
 garbage-first heap   total 315392K, used 33490K [0x0000000701c00000, 0x0000000800000000)
  region size 1024K, 16 young (16384K), 16 survivors (16384K)
 Metaspace       used 52724K, capacity 54394K, committed 54656K, reserved 1097728K
  class space    used 6515K, capacity 7203K, committed 7296K, reserved 1048576K
GC Heap History (10 events):
Event: 1.808 GC heap after
{Heap after GC invocations=2 (full 0):
 garbage-first heap   total 262144K, used 13169K [0x0000000701c00000, 0x0000000800000000)
  region size 1024K, 9 young (9216K), 9 survivors (9216K)
 Metaspace       used 20533K, capacity 21156K, committed 21248K, reserved 1069056K
  class space    used 2243K, capacity 2497K, committed 2560K, reserved 1048576K
}
Event: 2.077 GC heap before
{Heap before GC invocations=3 (full 0):
 garbage-first heap   total 262144K, used 43889K [0x0000000701c00000, 0x0000000800000000)
  region size 1024K, 40 young (40960K), 9 survivors (9216K)
 Metaspace       used 25650K, capacity 26376K, committed 26496K, reserved 1073152K
  class space    used 2909K, capacity 3177K, committed 3200K, reserved 1048576K
}
Event: 2.083 GC heap after
{Heap after GC invocations=4 (full 0):
 garbage-first heap   total 262144K, used 14375K [0x0000000701c00000, 0x0000000800000000)
  region size 1024K, 2 young (2048K), 2 survivors (2048K)
 Metaspace       used 25650K, capacity 26376K, committed 26496K, reserved 1073152K
  class space    used 2909K, capacity 3177K, committed 3200K, reserved 1048576K
}
Event: 3.459 GC heap before
{Heap before GC invocations=4 (full 0):
 garbage-first heap   total 262144K, used 100391K [0x0000000701c00000, 0x0000000800000000)
  region size 1024K, 86 young (88064K), 2 survivors (2048K)
 Metaspace       used 34029K, capacity 35017K, committed 35072K, reserved 1079296K
  class space    used 3929K, capacity 4335K, committed 4352K, reserved 1048576K
}
Event: 3.466 GC heap after
{Heap after GC invocations=5 (full 0):
 garbage-first heap   total 262144K, used 18979K [0x0000000701c00000, 0x0000000800000000)
  region size 1024K, 7 young (7168K), 7 survivors (7168K)
 Metaspace       used 34029K, capacity 35017K, committed 35072K, reserved 1079296K
  class space    used 3929K, capacity 4335K, committed 4352K, reserved 1048576K
}
Event: 3.624 GC heap before
{Heap before GC invocations=5 (full 0):
 garbage-first heap   total 262144K, used 34339K [0x0000000701c00000, 0x0000000800000000)
  region size 1024K, 23 young (23552K), 7 survivors (7168K)
 Metaspace       used 34815K, capacity 35782K, committed 35840K, reserved 1081344K
  class space    used 4031K, capacity 4440K, committed 4480K, reserved 1048576K
}
Event: 3.630 GC heap after
{Heap after GC invocations=6 (full 0):
 garbage-first heap   total 262144K, used 19732K [0x0000000701c00000, 0x0000000800000000)
  region size 1024K, 7 young (7168K), 7 survivors (7168K)
 Metaspace       used 34815K, capacity 35782K, committed 35840K, reserved 1081344K
  class space    used 4031K, capacity 4440K, committed 4480K, reserved 1048576K
}
Event: 5.698 GC heap before
{Heap before GC invocations=7 (full 0):
 garbage-first heap   total 262144K, used 169236K [0x0000000701c00000, 0x0000000800000000)
  region size 1024K, 153 young (156672K), 7 survivors (7168K)
 Metaspace       used 43362K, capacity 44661K, committed 44800K, reserved 1087488K
  class space    used 5228K, capacity 5768K, committed 5888K, reserved 1048576K
}
Event: 5.709 GC heap after
{Heap after GC invocations=8 (full 0):
 garbage-first heap   total 262144K, used 25458K [0x0000000701c00000, 0x0000000800000000)
  region size 1024K, 13 young (13312K), 13 survivors (13312K)
 Metaspace       used 43362K, capacity 44661K, committed 44800K, reserved 1087488K
  class space    used 5228K, capacity 5768K, committed 5888K, reserved 1048576K
}
Event: 7.701 GC heap before
{Heap before GC invocations=8 (full 0):
 garbage-first heap   total 262144K, used 168818K [0x0000000701c00000, 0x0000000800000000)
  region size 1024K, 153 young (156672K), 13 survivors (13312K)
 Metaspace       used 52724K, capacity 54394K, committed 54656K, reserved 1097728K
  class space    used 6515K, capacity 7203K, committed 7296K, reserved 1048576K
}

